==10219== Memcheck, a memory error detector
==10219== Copyright (C) 2002-2013, and GNU GPL'd, by Julian Seward et al.
==10219== Using Valgrind-3.10.1 and LibVEX; rerun with -h for copyright info
==10219== Command: /rhome/l/lkasum1/workspace/TP/Z4/Z2/.runme
==10219== Parent PID: 10196
==10219== 
==10219== Conditional jump or move depends on uninitialised value(s)
==10219==    at 0x401A63: main (main.cpp:167)
==10219== 
==10219== Conditional jump or move depends on uninitialised value(s)
==10219==    at 0x401FBF: main (main.cpp:195)
==10219== 
==10219== 
==10219== HEAP SUMMARY:
==10219==     in use at exit: 0 bytes in 0 blocks
==10219==   total heap usage: 0 allocs, 0 frees, 0 bytes allocated
==10219== 
==10219== All heap blocks were freed -- no leaks are possible
==10219== 
==10219== For counts of detected and suppressed errors, rerun with: -v
==10219== Use --track-origins=yes to see where uninitialised values come from
==10219== ERROR SUMMARY: 2 errors from 2 contexts (suppressed: 0 from 0)
