==25976== Memcheck, a memory error detector
==25976== Copyright (C) 2002-2013, and GNU GPL'd, by Julian Seward et al.
==25976== Using Valgrind-3.10.1 and LibVEX; rerun with -h for copyright info
==25976== Command: /rhome/l/lkasum1/workspace/TP/Z6/Z3/.runme
==25976== Parent PID: 25957
==25976== 
==25976== Syscall param write(buf) points to uninitialised byte(s)
==25976==    at 0x5742870: __write_nocancel (syscall-template.S:81)
==25976==    by 0x51B88D5: ??? (in /usr/lib/x86_64-linux-gnu/libstdc++.so.6.0.19)
==25976==    by 0x51F0A77: std::basic_filebuf<char, std::char_traits<char> >::_M_convert_to_external(char*, long) (in /usr/lib/x86_64-linux-gnu/libstdc++.so.6.0.19)
==25976==    by 0x51F14D2: std::basic_filebuf<char, std::char_traits<char> >::overflow(int) (in /usr/lib/x86_64-linux-gnu/libstdc++.so.6.0.19)
==25976==    by 0x51F0CA2: std::basic_filebuf<char, std::char_traits<char> >::_M_terminate_output() (in /usr/lib/x86_64-linux-gnu/libstdc++.so.6.0.19)
==25976==    by 0x51F0D4A: std::basic_filebuf<char, std::char_traits<char> >::close() (in /usr/lib/x86_64-linux-gnu/libstdc++.so.6.0.19)
==25976==    by 0x51F0FE4: std::basic_ofstream<char, std::char_traits<char> >::~basic_ofstream() (in /usr/lib/x86_64-linux-gnu/libstdc++.so.6.0.19)
==25976==    by 0x401EAE: Matrica<double>::SacuvajUBinarnuDatoteku(std::string) (main.cpp:116)
==25976==    by 0x401581: main (main.cpp:366)
==25976==  Address 0x5a1e781 is 17 bytes inside a block of size 8,192 alloc'd
==25976==    at 0x4C2B800: operator new[](unsigned long) (in /usr/lib/valgrind/vgpreload_memcheck-amd64-linux.so)
==25976==    by 0x51F08AB: std::basic_filebuf<char, std::char_traits<char> >::_M_allocate_internal_buffer() (in /usr/lib/x86_64-linux-gnu/libstdc++.so.6.0.19)
==25976==    by 0x51F0EC1: std::basic_filebuf<char, std::char_traits<char> >::open(char const*, std::_Ios_Openmode) (in /usr/lib/x86_64-linux-gnu/libstdc++.so.6.0.19)
==25976==    by 0x51F2978: std::basic_ofstream<char, std::char_traits<char> >::basic_ofstream(std::string const&, std::_Ios_Openmode) (in /usr/lib/x86_64-linux-gnu/libstdc++.so.6.0.19)
==25976==    by 0x401C8A: Matrica<double>::SacuvajUBinarnuDatoteku(std::string) (main.cpp:109)
==25976==    by 0x401581: main (main.cpp:366)
==25976== 
==25976== Invalid read of size 8
==25976==    at 0x402103: Matrica<double>::ObnoviIzBinarneDatoteke(std::string) (main.cpp:94)
==25976==    by 0x4015D1: main (main.cpp:368)
==25976==  Address 0x5a1c040 is 0 bytes inside a block of size 16 free'd
==25976==    at 0x4C2C83C: operator delete[](void*) (in /usr/lib/valgrind/vgpreload_memcheck-amd64-linux.so)
==25976==    by 0x40283E: Matrica<double>::DealocirajMemoriju(double**, int) (main.cpp:151)
==25976==    by 0x402062: Matrica<double>::ObnoviIzBinarneDatoteke(std::string) (main.cpp:88)
==25976==    by 0x4015D1: main (main.cpp:368)
==25976== 
==25976== Invalid write of size 8
==25976==    at 0x4C2F793: memcpy@@GLIBC_2.14 (in /usr/lib/valgrind/vgpreload_memcheck-amd64-linux.so)
==25976==    by 0x51DA3C0: std::basic_streambuf<char, std::char_traits<char> >::xsgetn(char*, long) (in /usr/lib/x86_64-linux-gnu/libstdc++.so.6.0.19)
==25976==    by 0x51EFD0D: std::basic_filebuf<char, std::char_traits<char> >::xsgetn(char*, long) (in /usr/lib/x86_64-linux-gnu/libstdc++.so.6.0.19)
==25976==    by 0x51BBCAA: std::istream::read(char*, long) (in /usr/lib/x86_64-linux-gnu/libstdc++.so.6.0.19)
==25976==    by 0x40211D: Matrica<double>::ObnoviIzBinarneDatoteke(std::string) (main.cpp:94)
==25976==    by 0x4015D1: main (main.cpp:368)
==25976==  Address 0x5a1c090 is 0 bytes inside a block of size 24 free'd
==25976==    at 0x4C2C83C: operator delete[](void*) (in /usr/lib/valgrind/vgpreload_memcheck-amd64-linux.so)
==25976==    by 0x402809: Matrica<double>::DealocirajMemoriju(double**, int) (main.cpp:150)
==25976==    by 0x402062: Matrica<double>::ObnoviIzBinarneDatoteke(std::string) (main.cpp:88)
==25976==    by 0x4015D1: main (main.cpp:368)
==25976== 
==25976== Invalid read of size 8
==25976==    at 0x401A59: Matrica<double>::SacuvajUTekstualnuDatoteku(std::string) const (main.cpp:127)
==25976==    by 0x401621: main (main.cpp:369)
==25976==  Address 0x5a1c040 is 0 bytes inside a block of size 16 free'd
==25976==    at 0x4C2C83C: operator delete[](void*) (in /usr/lib/valgrind/vgpreload_memcheck-amd64-linux.so)
==25976==    by 0x40283E: Matrica<double>::DealocirajMemoriju(double**, int) (main.cpp:151)
==25976==    by 0x402062: Matrica<double>::ObnoviIzBinarneDatoteke(std::string) (main.cpp:88)
==25976==    by 0x4015D1: main (main.cpp:368)
==25976== 
==25976== Invalid read of size 8
==25976==    at 0x401A5D: Matrica<double>::SacuvajUTekstualnuDatoteku(std::string) const (main.cpp:127)
==25976==    by 0x401621: main (main.cpp:369)
==25976==  Address 0x5a1c090 is 0 bytes inside a block of size 24 free'd
==25976==    at 0x4C2C83C: operator delete[](void*) (in /usr/lib/valgrind/vgpreload_memcheck-amd64-linux.so)
==25976==    by 0x402809: Matrica<double>::DealocirajMemoriju(double**, int) (main.cpp:150)
==25976==    by 0x402062: Matrica<double>::ObnoviIzBinarneDatoteke(std::string) (main.cpp:88)
==25976==    by 0x4015D1: main (main.cpp:368)
==25976== 
==25976== Invalid read of size 8
==25976==    at 0x401A1A: Matrica<double>::SacuvajUTekstualnuDatoteku(std::string) const (main.cpp:126)
==25976==    by 0x401621: main (main.cpp:369)
==25976==  Address 0x5a1c040 is 0 bytes inside a block of size 16 free'd
==25976==    at 0x4C2C83C: operator delete[](void*) (in /usr/lib/valgrind/vgpreload_memcheck-amd64-linux.so)
==25976==    by 0x40283E: Matrica<double>::DealocirajMemoriju(double**, int) (main.cpp:151)
==25976==    by 0x402062: Matrica<double>::ObnoviIzBinarneDatoteke(std::string) (main.cpp:88)
==25976==    by 0x4015D1: main (main.cpp:368)
==25976== 
==25976== Invalid read of size 8
==25976==    at 0x401A1E: Matrica<double>::SacuvajUTekstualnuDatoteku(std::string) const (main.cpp:126)
==25976==    by 0x401621: main (main.cpp:369)
==25976==  Address 0x5a1c0a0 is 16 bytes inside a block of size 24 free'd
==25976==    at 0x4C2C83C: operator delete[](void*) (in /usr/lib/valgrind/vgpreload_memcheck-amd64-linux.so)
==25976==    by 0x402809: Matrica<double>::DealocirajMemoriju(double**, int) (main.cpp:150)
==25976==    by 0x402062: Matrica<double>::ObnoviIzBinarneDatoteke(std::string) (main.cpp:88)
==25976==    by 0x4015D1: main (main.cpp:368)
==25976== 
==25976== Invalid read of size 8
==25976==    at 0x402A0D: Matrica<double>::KopirajElemente(double**) (main.cpp:163)
==25976==    by 0x4027AF: Matrica<double>::Matrica(Matrica<double> const&) (main.cpp:170)
==25976==    by 0x40250B: Matrica<double>::ObnoviIzTekstualneDatoteke(std::string) (main.cpp:70)
==25976==    by 0x401671: main (main.cpp:371)
==25976==  Address 0x5a1c040 is 0 bytes inside a block of size 16 free'd
==25976==    at 0x4C2C83C: operator delete[](void*) (in /usr/lib/valgrind/vgpreload_memcheck-amd64-linux.so)
==25976==    by 0x40283E: Matrica<double>::DealocirajMemoriju(double**, int) (main.cpp:151)
==25976==    by 0x402062: Matrica<double>::ObnoviIzBinarneDatoteke(std::string) (main.cpp:88)
==25976==    by 0x4015D1: main (main.cpp:368)
==25976== 
==25976== Invalid read of size 8
==25976==    at 0x402A11: Matrica<double>::KopirajElemente(double**) (main.cpp:163)
==25976==    by 0x4027AF: Matrica<double>::Matrica(Matrica<double> const&) (main.cpp:170)
==25976==    by 0x40250B: Matrica<double>::ObnoviIzTekstualneDatoteke(std::string) (main.cpp:70)
==25976==    by 0x401671: main (main.cpp:371)
==25976==  Address 0x5a1c090 is 0 bytes inside a block of size 24 free'd
==25976==    at 0x4C2C83C: operator delete[](void*) (in /usr/lib/valgrind/vgpreload_memcheck-amd64-linux.so)
==25976==    by 0x402809: Matrica<double>::DealocirajMemoriju(double**, int) (main.cpp:150)
==25976==    by 0x402062: Matrica<double>::ObnoviIzBinarneDatoteke(std::string) (main.cpp:88)
==25976==    by 0x4015D1: main (main.cpp:368)
==25976== 
==25976== Invalid read of size 8
==25976==    at 0x4027EA: Matrica<double>::DealocirajMemoriju(double**, int) (main.cpp:150)
==25976==    by 0x402522: Matrica<double>::ObnoviIzTekstualneDatoteke(std::string) (main.cpp:71)
==25976==    by 0x401671: main (main.cpp:371)
==25976==  Address 0x5a1c040 is 0 bytes inside a block of size 16 free'd
==25976==    at 0x4C2C83C: operator delete[](void*) (in /usr/lib/valgrind/vgpreload_memcheck-amd64-linux.so)
==25976==    by 0x40283E: Matrica<double>::DealocirajMemoriju(double**, int) (main.cpp:151)
==25976==    by 0x402062: Matrica<double>::ObnoviIzBinarneDatoteke(std::string) (main.cpp:88)
==25976==    by 0x4015D1: main (main.cpp:368)
==25976== 
==25976== Invalid free() / delete / delete[] / realloc()
==25976==    at 0x4C2C83C: operator delete[](void*) (in /usr/lib/valgrind/vgpreload_memcheck-amd64-linux.so)
==25976==    by 0x402809: Matrica<double>::DealocirajMemoriju(double**, int) (main.cpp:150)
==25976==    by 0x402522: Matrica<double>::ObnoviIzTekstualneDatoteke(std::string) (main.cpp:71)
==25976==    by 0x401671: main (main.cpp:371)
==25976==  Address 0x5a1c090 is 0 bytes inside a block of size 24 free'd
==25976==    at 0x4C2C83C: operator delete[](void*) (in /usr/lib/valgrind/vgpreload_memcheck-amd64-linux.so)
==25976==    by 0x402809: Matrica<double>::DealocirajMemoriju(double**, int) (main.cpp:150)
==25976==    by 0x402062: Matrica<double>::ObnoviIzBinarneDatoteke(std::string) (main.cpp:88)
==25976==    by 0x4015D1: main (main.cpp:368)
==25976== 
==25976== Invalid free() / delete / delete[] / realloc()
==25976==    at 0x4C2C83C: operator delete[](void*) (in /usr/lib/valgrind/vgpreload_memcheck-amd64-linux.so)
==25976==    by 0x40283E: Matrica<double>::DealocirajMemoriju(double**, int) (main.cpp:151)
==25976==    by 0x402522: Matrica<double>::ObnoviIzTekstualneDatoteke(std::string) (main.cpp:71)
==25976==    by 0x401671: main (main.cpp:371)
==25976==  Address 0x5a1c040 is 0 bytes inside a block of size 16 free'd
==25976==    at 0x4C2C83C: operator delete[](void*) (in /usr/lib/valgrind/vgpreload_memcheck-amd64-linux.so)
==25976==    by 0x40283E: Matrica<double>::DealocirajMemoriju(double**, int) (main.cpp:151)
==25976==    by 0x402062: Matrica<double>::ObnoviIzBinarneDatoteke(std::string) (main.cpp:88)
==25976==    by 0x4015D1: main (main.cpp:368)
==25976== 
==25976== Invalid read of size 8
==25976==    at 0x4027EA: Matrica<double>::DealocirajMemoriju(double**, int) (main.cpp:150)
==25976==    by 0x402729: Matrica<double>::~Matrica() (main.cpp:24)
==25976==    by 0x4016A2: main (main.cpp:372)
==25976==  Address 0x5a1c040 is 0 bytes inside a block of size 16 free'd
==25976==    at 0x4C2C83C: operator delete[](void*) (in /usr/lib/valgrind/vgpreload_memcheck-amd64-linux.so)
==25976==    by 0x40283E: Matrica<double>::DealocirajMemoriju(double**, int) (main.cpp:151)
==25976==    by 0x402062: Matrica<double>::ObnoviIzBinarneDatoteke(std::string) (main.cpp:88)
==25976==    by 0x4015D1: main (main.cpp:368)
==25976== 
==25976== Invalid free() / delete / delete[] / realloc()
==25976==    at 0x4C2C83C: operator delete[](void*) (in /usr/lib/valgrind/vgpreload_memcheck-amd64-linux.so)
==25976==    by 0x402809: Matrica<double>::DealocirajMemoriju(double**, int) (main.cpp:150)
==25976==    by 0x402729: Matrica<double>::~Matrica() (main.cpp:24)
==25976==    by 0x4016A2: main (main.cpp:372)
==25976==  Address 0x5a1c090 is 0 bytes inside a block of size 24 free'd
==25976==    at 0x4C2C83C: operator delete[](void*) (in /usr/lib/valgrind/vgpreload_memcheck-amd64-linux.so)
==25976==    by 0x402809: Matrica<double>::DealocirajMemoriju(double**, int) (main.cpp:150)
==25976==    by 0x402062: Matrica<double>::ObnoviIzBinarneDatoteke(std::string) (main.cpp:88)
==25976==    by 0x4015D1: main (main.cpp:368)
==25976== 
==25976== Invalid free() / delete / delete[] / realloc()
==25976==    at 0x4C2C83C: operator delete[](void*) (in /usr/lib/valgrind/vgpreload_memcheck-amd64-linux.so)
==25976==    by 0x40283E: Matrica<double>::DealocirajMemoriju(double**, int) (main.cpp:151)
==25976==    by 0x402729: Matrica<double>::~Matrica() (main.cpp:24)
==25976==    by 0x4016A2: main (main.cpp:372)
==25976==  Address 0x5a1c040 is 0 bytes inside a block of size 16 free'd
==25976==    at 0x4C2C83C: operator delete[](void*) (in /usr/lib/valgrind/vgpreload_memcheck-amd64-linux.so)
==25976==    by 0x40283E: Matrica<double>::DealocirajMemoriju(double**, int) (main.cpp:151)
==25976==    by 0x402062: Matrica<double>::ObnoviIzBinarneDatoteke(std::string) (main.cpp:88)
==25976==    by 0x4015D1: main (main.cpp:368)
==25976== 
==25976== 
==25976== HEAP SUMMARY:
==25976==     in use at exit: 64 bytes in 3 blocks
==25976==   total heap usage: 27 allocs, 30 frees, 44,227 bytes allocated
==25976== 
==25976== 64 (16 direct, 48 indirect) bytes in 1 blocks are definitely lost in loss record 2 of 2
==25976==    at 0x4C2B800: operator new[](unsigned long) (in /usr/lib/valgrind/vgpreload_memcheck-amd64-linux.so)
==25976==    by 0x402897: Matrica<double>::AlocirajMemoriju(int, int) (main.cpp:137)
==25976==    by 0x40209E: Matrica<double>::ObnoviIzBinarneDatoteke(std::string) (main.cpp:91)
==25976==    by 0x4015D1: main (main.cpp:368)
==25976== 
==25976== LEAK SUMMARY:
==25976==    definitely lost: 16 bytes in 1 blocks
==25976==    indirectly lost: 48 bytes in 2 blocks
==25976==      possibly lost: 0 bytes in 0 blocks
==25976==    still reachable: 0 bytes in 0 blocks
==25976==         suppressed: 0 bytes in 0 blocks
==25976== 
==25976== For counts of detected and suppressed errors, rerun with: -v
==25976== Use --track-origins=yes to see where uninitialised values come from
==25976== ERROR SUMMARY: 48 errors from 16 contexts (suppressed: 0 from 0)
