[New LWP 22664]
Core was generated by `'.
Program terminated with signal SIGSEGV, Segmentation fault.
#0  0x00000000000005a6 in ?? ()
#0  0x00000000000005a6 in ?? ()
#1  0x0000000004a256bd in _vgnU_freeres () from /usr/lib/valgrind/vgpreload_core-amd64-linux.so
#2  0x0000000004005b59 in open_verify (name=name@entry=0xffeffff10 "~/.c9/local/lib/tls/x86_64/libstdc++.so.6", fbp=fbp@entry=0xfff000128, loader=loader@entry=0x42241c8, whatcode=whatcode@entry=2, found_other_class=found_other_class@entry=0xfff000110, free_name=false) at dl-load.c:1930
#3  0x00000000040061cf in open_path (name=name@entry=0x400a0c "libstdc++.so.6", namelen=namelen@entry=15, secure=secure@entry=0, sps=sps@entry=0x4222e40 <env_path_list>, realname=realname@entry=0xfff000118, fbp=fbp@entry=0xfff000128, loader=0x42241c8, whatcode=whatcode@entry=2, found_other_class=found_other_class@entry=0xfff000110) at dl-load.c:2216
#4  0x0000000004008f1a in _dl_map_object (loader=0x42241c8, name=0x400a0c "libstdc++.so.6", type=1, trace_mode=0, mode=<optimized out>, nsid=<optimized out>) at dl-load.c:2447
#5  0x000000000400d602 in openaux (a=a@entry=0xfff000748) at dl-deps.c:63
#6  0x000000000400fff4 in _dl_catch_error (objname=objname@entry=0xfff000740, errstring=errstring@entry=0xfff000738, mallocedp=mallocedp@entry=0xfff000730, operate=operate@entry=0x400d5d0 <openaux>, args=args@entry=0xfff000748) at dl-error.c:187
#7  0x000000000400dd05 in _dl_map_object_deps (map=map@entry=0x42241c8, preloads=<optimized out>, npreloads=npreloads@entry=2, trace_mode=trace_mode@entry=0, open_mode=open_mode@entry=0) at dl-deps.c:254
#8  0x000000000400315d in dl_main (phdr=<optimized out>, phdr@entry=0x400040, phnum=<optimized out>, phnum@entry=9, user_entry=user_entry@entry=0xfff000978, auxv=<optimized out>) at rtld.c:1742
#9  0x0000000004017565 in _dl_sysdep_start (start_argptr=start_argptr@entry=0xfff000a60, dl_main=dl_main@entry=0x4001910 <dl_main>) at ../elf/dl-sysdep.c:249
#10 0x0000000004004cf8 in _dl_start_final (arg=0xfff000a60) at rtld.c:332
#11 _dl_start (arg=0xfff000a60) at rtld.c:558
#12 0x00000000040012d8 in _start () from /lib64/ld-linux-x86-64.so.2
#13 0x0000000000000001 in ?? ()
#14 0x0000000fff000c8f in ?? ()
#15 0x0000000000000000 in ?? ()
