==947== Memcheck, a memory error detector
==947== Copyright (C) 2002-2013, and GNU GPL'd, by Julian Seward et al.
==947== Using Valgrind-3.10.1 and LibVEX; rerun with -h for copyright info
==947== Command: /rhome/l/lkasum1/workspace/TP/Z4/Z3/.runme
==947== Parent PID: 925
==947== 
==947== 
==947== HEAP SUMMARY:
==947==     in use at exit: 160 bytes in 1 blocks
==947==   total heap usage: 1 allocs, 0 frees, 160 bytes allocated
==947== 
==947== LEAK SUMMARY:
==947==    definitely lost: 0 bytes in 0 blocks
==947==    indirectly lost: 0 bytes in 0 blocks
==947==      possibly lost: 0 bytes in 0 blocks
==947==    still reachable: 160 bytes in 1 blocks
==947==         suppressed: 0 bytes in 0 blocks
==947== Reachable blocks (those to which a pointer was found) are not shown.
==947== To see them, rerun with: --leak-check=full --show-leak-kinds=all
==947== 
==947== For counts of detected and suppressed errors, rerun with: -v
==947== ERROR SUMMARY: 0 errors from 0 contexts (suppressed: 0 from 0)
